<?xml version="1.0" encoding="UTF-8"?>
<!-- Generated by org.testng.reporters.JUnitReportReporter -->
<testsuite hostname="DESKTOP-9OOOF17" failures="0" tests="1" name="Project_AMS.MyLeaves" time="53.816" errors="0" timestamp="2022-11-26T19:20:42 IST" skipped="0">
  <testcase classname="Project_AMS.MyLeaves" name="MyLeave" time="53.816"/>
  <system-out/>
</testsuite> <!-- Project_AMS.MyLeaves -->
