<?xml version="1.0" encoding="UTF-8"?>
<!-- Generated by org.testng.reporters.JUnitReportReporter -->
<testsuite hostname="DESKTOP-9OOOF17" failures="0" tests="3" name="Project_AMS.AMSHomepage" time="65.070" errors="0" timestamp="2022-11-11T21:05:29 IST" skipped="0">
  <testcase classname="Project_AMS.AMSHomepage" name="validateLeavePlan" time="20.409"/>
  <system-out/>
  <testcase classname="Project_AMS.AMSHomepage" name="validateMyLeave" time="0.194"/>
  <system-out/>
  <testcase classname="Project_AMS.AMSHomepage" name="validateMyException" time="44.467"/>
  <system-out/>
</testsuite> <!-- Project_AMS.AMSHomepage -->
