<?xml version="1.0" encoding="UTF-8"?>
<!-- Generated by org.testng.reporters.JUnitReportReporter -->
<testsuite hostname="DESKTOP-9OOOF17" failures="0" tests="1" name="Project_AMS.AMSHomepage" time="51.858" errors="0" timestamp="2022-11-11T11:22:06 IST" skipped="0">
  <testcase classname="Project_AMS.AMSHomepage" name="validateHomePage" time="51.858"/>
  <system-out/>
</testsuite> <!-- Project_AMS.AMSHomepage -->
