<?xml version="1.0" encoding="UTF-8"?>
<!-- Generated by org.testng.reporters.JUnitReportReporter -->
<testsuite hostname="DESKTOP-9OOOF17" failures="0" tests="6" name="Project_AMS.myHolidayList" time="23.290" errors="0" timestamp="2022-12-10T13:46:40 IST" skipped="0">
  <testcase classname="Project_AMS.myHolidayList" name="validateHolidaysWithCurrentDate" time="6.947"/>
  <system-out/>
  <testcase classname="Project_AMS.myHolidayList" name="validatehighlightholiday" time="0.087"/>
  <system-out/>
  <testcase classname="Project_AMS.myHolidayList" name="validateSelectedHolidays" time="3.085"/>
  <system-out/>
  <testcase classname="Project_AMS.myHolidayList" name="validateSelectedHolidayCount" time="0.048"/>
  <system-out/>
  <testcase classname="Project_AMS.myHolidayList" name="validateSubmittedHolidayList" time="0.142"/>
  <system-out/>
  <testcase classname="Project_AMS.myHolidayList" name="validateCancelledHolidayList" time="12.981"/>
  <system-out/>
</testsuite> <!-- Project_AMS.myHolidayList -->
