<?xml version="1.0" encoding="UTF-8"?>
<!-- Generated by org.testng.reporters.JUnitReportReporter -->
<testsuite hostname="DESKTOP-9OOOF17" failures="0" tests="2" name="Project_AMS.MyExceptionHistory" time="36.119" errors="0" timestamp="2022-11-26T19:27:57 IST" skipped="0">
  <testcase classname="Project_AMS.MyExceptionHistory" name="validateException" time="14.211"/>
  <system-out/>
  <testcase classname="Project_AMS.MyExceptionHistory" name="validateExceptionHistoryStatus" time="21.908"/>
  <system-out/>
</testsuite> <!-- Project_AMS.MyExceptionHistory -->
