<?xml version="1.0" encoding="UTF-8"?>
<!-- Generated by org.testng.reporters.JUnitReportReporter -->
<testsuite hostname="DESKTOP-9OOOF17" failures="0" tests="3" name="Project_AMS.AMSHomepage" time="58.274" errors="0" timestamp="2022-11-20T13:05:52 IST" skipped="0">
  <testcase classname="Project_AMS.AMSHomepage" name="validateMyPendingAction" time="0.172"/>
  <system-out/>
  <testcase classname="Project_AMS.AMSHomepage" name="validateMyException" time="57.916"/>
  <system-out/>
  <testcase classname="Project_AMS.AMSHomepage" name="validatePendingLeave" time="0.186"/>
  <system-out/>
</testsuite> <!-- Project_AMS.AMSHomepage -->
