<?xml version="1.0" encoding="UTF-8"?>
<!-- Generated by org.testng.reporters.JUnitReportReporter -->
<testsuite hostname="DESKTOP-9OOOF17" failures="0" tests="1" name="Project_AMS.LoginPage" time="30.252" errors="0" timestamp="2022-11-11T12:05:11 IST" skipped="0">
  <testcase classname="Project_AMS.LoginPage" name="ValidateLogin" time="30.252"/>
  <system-out/>
</testsuite> <!-- Project_AMS.LoginPage -->
