<?xml version="1.0" encoding="UTF-8"?>
<!-- Generated by org.testng.reporters.JUnitReportReporter -->
<testsuite hostname="DESKTOP-9OOOF17" failures="0" tests="1" name="Project_AMS.calenderhandle" time="71.604" errors="0" timestamp="2022-11-25T20:36:22 IST" skipped="0">
  <testcase classname="Project_AMS.calenderhandle" name="calender" time="71.604"/>
  <system-out/>
</testsuite> <!-- Project_AMS.calenderhandle -->
