<?xml version="1.0" encoding="UTF-8"?>
<!-- Generated by org.testng.reporters.JUnitReportReporter -->
<testsuite hostname="DESKTOP-9OOOF17" failures="0" tests="1" name="Project_AMS.myHolidayList" time="45.456" errors="0" timestamp="2022-11-20T13:25:32 IST" skipped="0">
  <testcase classname="Project_AMS.myHolidayList" name="validateMyHolidayList" time="45.456"/>
  <system-out/>
</testsuite> <!-- Project_AMS.myHolidayList -->
