<?xml version="1.0" encoding="UTF-8"?>
<!-- Generated by org.testng.reporters.JUnitReportReporter -->
<testsuite hostname="DESKTOP-9OOOF17" failures="0" tests="1" name="Project_AMS.dummy1" time="45.048" errors="0" timestamp="2022-11-11T15:58:54 IST" skipped="0">
  <testcase classname="Project_AMS.dummy1" name="print" time="45.048"/>
  <system-out/>
</testsuite> <!-- Project_AMS.dummy1 -->
